PADS Layout ECO Generator (Version 6.4v) 6/4/2015 2:36:27 PM
Copyright (c) 2003 - 2008 Mentor Graphics Corp. - All rights reserved
Command line arguments:  -e C:\Users\tyler.davis5\Documents\Sumer Work 2015\Interface Board\0Schematic\Interface Board\Log Files\ECOGEN.ERR -r p -a PCB,PART,NET,PIN
1 msec
0 msec
Reading the OLD DESIGN
There are 29 parts in the design
There are 24 signals in the design
There are 103 pins in the design
4 msec
Reading the NEW DESIGN
WARNING: Signal EN_3P3V has 1 pins
There are 29 parts in the design
There are 26 signals in the design
There are 105 pins in the design
1 msec
Final cost=256
Partitioning - 1 msec
Final Matching - 0 msec
Deleted pins: 7,  Added pins: 9
