pcb: Note 5996: Using Config File C:\MentorGraphics\9.5PADS\SDD_HOME\standard\pads95.cfg
pcb: Warning 6083: Schematic1 pin $1I55.EN: Single pin net: EN_3P3V
pcb: Warning 6083: Schematic1 pin $1I41.EN: Single pin net: EN_1P8V
pcb: Warning 6094: Schematic1 pin $5I54.ID: Pin not connected
pcb: Warning 6094: Schematic1 pin $4I73.NC_7: Pin not connected
pcb: Warning 6094: Schematic1 pin $4I73.NC_8: Pin not connected
pcb: Warning 6094: Schematic1 pin $4I73.RST: Pin not connected
pcb: Warning 6094: Schematic1 pin $4I6.5: Pin not connected
pcb: Warning 6094: Schematic1 pin $4I6.6: Pin not connected
pcb: Warning 6094: Schematic1 pin $4I6.8: Pin not connected
pcb: Warning 6094: Schematic1 pin $4I31.NC4: Pin not connected
pcb: Warning 6094: Schematic1 pin $4I31.NC6: Pin not connected
pcb: Warning 6094: Schematic1 pin $4I102.PIN2: Pin not connected
pcb: Warning 6094: Schematic1 pin $4I102.PIN5: Pin not connected
pcb: Warning 6094: Schematic1 pin $3I6.OE: Pin not connected
pcb: Warning 6094: Schematic1 pin $3I20.2: Pin not connected
pcb: Warning 6094: Schematic1 pin $1I55.NC: Pin not connected
pcb: Warning 6094: Schematic1 pin $1I41.NC: Pin not connected
pcb: Note 5626: Summary of Log Files/pcb.err
Status 0, Notes 1, Warnings 17
Errors 0, Failures 0, Fatals 0, Internals 0
