pcb: Note 5996: Using Config File C:\MentorGraphics\9.5PADS\SDD_HOME\standard\pads93.cfg
pcb: Warning 6094: S1 pin $17I75.CNTRL2: Pin not connected
pcb: Warning 6094: S1 pin $17I75.IN2: Pin not connected
pcb: Warning 6094: S1 pin $17I75.OUT2: Pin not connected
pcb: Warning 6094: S1 pin $17I585.PIN1: Pin not connected
pcb: Warning 6094: S1 pin $17I582.PIN1: Pin not connected
pcb: Warning 6094: S1 pin $17I465.OVERRIDE: Pin not connected
pcb: Warning 6094: S1 pin $17I27.VCC: Pin not connected
pcb: Warning 6094: S1 pin $17I120.NC_7: Pin not connected
pcb: Warning 6094: S1 pin $17I120.NC_8: Pin not connected
pcb: Warning 6094: S1 pin $17I120.RST: Pin not connected
pcb: Warning 6094: S1 pin $16I63.1R3: Pin not connected
pcb: Warning 6094: S1 pin $16I63.1R6: Pin not connected
pcb: Warning 6094: S1 pin $15I236.SW2: Pin not connected
pcb: Warning 6094: S1 pin $12I109.CNTRL2: Pin not connected
pcb: Warning 6094: S1 pin $12I109.IN2: Pin not connected
pcb: Warning 6094: S1 pin $12I109.OUT2: Pin not connected
pcb: Warning 6094: S1 pin $11I498.I/O1: Pin not connected
pcb: Warning 6094: S1 pin $11I498.I/O10: Pin not connected
pcb: Warning 6094: S1 pin $11I498.I/O11: Pin not connected
pcb: Warning 6094: S1 pin $11I498.I/O13: Pin not connected
pcb: Warning 6094: S1 pin $11I498.I/O14: Pin not connected
pcb: Warning 6094: S1 pin $11I498.I/O19: Pin not connected
pcb: Warning 6094: S1 pin $11I498.I/O2: Pin not connected
pcb: Warning 6094: S1 pin $11I498.I/O20: Pin not connected
pcb: Warning 6094: S1 pin $11I498.I/O3: Pin not connected
pcb: Warning 6094: S1 pin $11I498.I/O4: Pin not connected
pcb: Warning 6094: S1 pin $11I498.I/O5: Pin not connected
pcb: Warning 6094: S1 pin $11I498.I/O8: Pin not connected
pcb: Warning 6094: S1 pin $11I498.I/O9: Pin not connected
pcb: Warning 6094: S1 pin $10I609.PGOOD3: Pin not connected
pcb: Warning 6094: S1 pin $10I569.CNTRL1: Pin not connected
pcb: Warning 6094: S1 pin $10I569.IN1: Pin not connected
pcb: Warning 6094: S1 pin $10I569.OUT2: Pin not connected
pcb: Warning 6094: S1 pin $9I290.I/O_2: Pin not connected
pcb: Warning 6094: S1 pin $9I290.I/O_3: Pin not connected
pcb: Warning 6094: S1 pin $9I290.I/O_4: Pin not connected
pcb: Warning 6094: S1 pin $9I290.I/O_5: Pin not connected
pcb: Warning 6094: S1 pin $9I290.I/O_6: Pin not connected
pcb: Warning 6094: S1 pin $9I290.I/O_CRC_ERROR: Pin not connected
pcb: Warning 6094: S1 pin $9I290.I/O_PR_REQUEST: Pin not connected
pcb: Warning 6094: S1 pin $9I218.DATA1: Pin not connected
pcb: Warning 6094: S1 pin $9I218.DATA2: Pin not connected
pcb: Warning 6094: S1 pin $9I218.DATA3: Pin not connected
pcb: Warning 6094: S1 pin $9I218.DATA4: Pin not connected
pcb: Warning 6094: S1 pin $9I1.IO_61: Pin not connected
pcb: Warning 6094: S1 pin $9I1.IO_86: Pin not connected
pcb: Warning 6094: S1 pin $7I354.I/O_25: Pin not connected
pcb: Warning 6094: S1 pin $7I354.I/O_29: Pin not connected
pcb: Warning 6094: S1 pin $7I354.I/O_30: Pin not connected
pcb: Warning 6094: S1 pin $7I262.I/0_1: Pin not connected
pcb: Warning 6094: S1 pin $7I262.I/0_13: Pin not connected
pcb: Warning 6094: S1 pin $7I262.I/0_2: Pin not connected
pcb: Warning 6094: S1 pin $7I262.I/0_3: Pin not connected
pcb: Warning 6094: S1 pin $7I262.I/0_4: Pin not connected
pcb: Warning 6094: S1 pin $7I262.I/0_5: Pin not connected
pcb: Warning 6094: S1 pin $7I262.I/0_8: Pin not connected
pcb: Warning 6094: S1 pin $6I954.PIN1: Pin not connected
pcb: Warning 6094: S1 pin $6I951.PIN1: Pin not connected
pcb: Warning 6094: S1 pin $6I297.DNU1: Pin not connected
pcb: Warning 6094: S1 pin $6I297.DNU2: Pin not connected
pcb: Warning 6094: S1 pin $6I297.DNU3: Pin not connected
pcb: Warning 6094: S1 pin $6I297.DNU4: Pin not connected
pcb: Warning 6094: S1 pin $5I831.I/O: Pin not connected
pcb: Warning 6094: S1 pin $5I831.I/O_DATA15: Pin not connected
pcb: Warning 6094: S1 pin $5I831.I/O_DATA6: Pin not connected
pcb: Warning 6094: S1 pin $5I831.I/O_PR_DONE: Pin not connected
pcb: Warning 6094: S1 pin $5I831.I/O_PR_READY: Pin not connected
pcb: Warning 6094: S1 pin $5I583.I/0_13: Pin not connected
pcb: Warning 6094: S1 pin $5I583.I/0_14: Pin not connected
pcb: Warning 6094: S1 pin $5I583.I/0_15: Pin not connected
pcb: Warning 6094: S1 pin $5I583.I/0_16: Pin not connected
pcb: Warning 6094: S1 pin $5I425.I/O_14: Pin not connected
pcb: Warning 6094: S1 pin $5I425.I/O_21: Pin not connected
pcb: Warning 6094: S1 pin $5I425.I/O_24: Pin not connected
pcb: Warning 6094: S1 pin $4I59.NC: Pin not connected
pcb: Warning 6094: S1 pin $4I1.ANT_ON: Pin not connected
pcb: Warning 6094: S1 pin $4I1.RESERVED: Pin not connected
pcb: Warning 6094: S1 pin $4I1.RESVD: Pin not connected
pcb: Warning 6094: S1 pin $4I1.SCL: Pin not connected
pcb: Warning 6094: S1 pin $4I1.SDA: Pin not connected
pcb: Warning 6094: S1 pin $4I1.VCC_RF: Pin not connected
pcb: Warning 6094: S1 pin $2I697.NC1: Pin not connected
pcb: Warning 6094: S1 pin $2I697.NC3: Pin not connected
pcb: Warning 6094: S1 pin $2I697.NC4: Pin not connected
pcb: Warning 6094: S1 pin $2I697.NC6: Pin not connected
pcb: Warning 6094: S1 pin $2I461.AUX_CL: Pin not connected
pcb: Warning 6094: S1 pin $2I461.AUX_DA: Pin not connected
pcb: Warning 6094: S1 pin $2I461.NC14: Pin not connected
pcb: Warning 6094: S1 pin $2I461.NC15: Pin not connected
pcb: Warning 6094: S1 pin $2I461.NC16: Pin not connected
pcb: Warning 6094: S1 pin $2I461.NC17: Pin not connected
pcb: Warning 6094: S1 pin $2I461.NC2: Pin not connected
pcb: Warning 6094: S1 pin $2I461.NC3: Pin not connected
pcb: Warning 6094: S1 pin $2I461.NC4: Pin not connected
pcb: Warning 6094: S1 pin $2I461.NC5: Pin not connected
pcb: Warning 6094: S1 pin $2I461.NC6: Pin not connected
pcb: Warning 6094: S1 pin $2I461.RESV19: Pin not connected
pcb: Note 5626: Summary of Log Files/pcb.err
Status 0, Notes 1, Warnings 97
Errors 0, Failures 0, Fatals 0, Internals 0
