PADS Layout ECO Generator (Version 6.4v) 5/21/2015 1:17:03 PM
Copyright (c) 2003 - 2008 Mentor Graphics Corp. - All rights reserved
Command line arguments:  -e C:\Users\kyler.callahan\Documents\work\Data_TRX\0Schematic\Data_TRX\Log Files\ECOGEN.ERR -a PCB,PART,NET,PIN
2 msec
0 msec
Reading the OLD DESIGN
There are 41 parts in the design
There are 28 signals in the design
There are 137 pins in the design
3 msec
Reading the NEW DESIGN
WARNING: Signal FPGA_2P5V has 1 pins
WARNING: Signal ESH_FPGA_USB_DPLUS has 1 pins
WARNING: Signal ESH_FPGA_USB_DMINUS has 1 pins
There are 47 parts in the design
There are 41 signals in the design
There are 178 pins in the design
2 msec
Final cost=2602
Partitioning - 0 msec
Final Matching - 33 msec
Deleted pins: 16,  Added pins: 57
